2017-07-10 18:56:43,830 INFO pycrawler.core.thread: Data getter process running ... 
2017-07-10 18:56:43,831 INFO pycrawler.core.thread: Data mapper process running ... 
2017-07-10 18:56:44,841 INFO pycrawler.core.access: Success http access to https://api.flickr.com/services/rest/
2017-07-10 18:56:44,844 INFO pycrawler.core.thread: Data getter process running ... 
2017-07-10 18:56:44,848 INFO pycrawler.core.thread: Data mapper process running ... 
2017-07-10 18:56:45,858 INFO pycrawler.core.access: Success http access to https://api.flickr.com/services/rest/
2017-07-10 18:56:45,860 INFO pycrawler.core.thread: Data getter process running ... 
2017-07-10 18:56:45,862 INFO pycrawler.core.thread: Data mapper process running ... 
2017-07-10 18:59:02,923 INFO pycrawler.interface: Crawling application start up ...
2017-07-10 18:59:02,924 INFO pycrawler.core.thread: Data getter process running ... 
2017-07-10 18:59:02,933 INFO pycrawler.core.thread: Data mapper process running ... 
2017-07-10 18:59:02,933 INFO pycrawler.core.manage: Crawling scheduler running ... 
2017-07-10 18:59:04,711 INFO pycrawler.core.access: Success http access to https://api.flickr.com/services/rest/
2017-07-10 18:59:04,713 INFO pycrawler.core.thread: Data getter process running ... 
2017-07-10 18:59:04,717 INFO pycrawler.core.thread: Data mapper process running ... 
2017-07-10 18:59:05,732 INFO pycrawler.core.access: Success http access to https://api.flickr.com/services/rest/
2017-07-10 18:59:05,734 INFO pycrawler.core.thread: Data getter process running ... 
2017-07-10 18:59:05,737 INFO pycrawler.core.thread: Data mapper process running ... 
2017-07-10 18:59:06,551 INFO pycrawler.core.access: Success http access to https://api.flickr.com/services/rest/
2017-07-10 18:59:06,554 INFO pycrawler.core.thread: Data getter process running ... 
2017-07-10 18:59:06,559 INFO pycrawler.core.thread: Data mapper process running ... 
2017-07-10 18:59:07,371 INFO pycrawler.core.access: Success http access to https://api.flickr.com/services/rest/
2017-07-10 18:59:07,372 INFO pycrawler.core.thread: Data getter process running ... 
2017-07-10 18:59:07,375 INFO pycrawler.core.thread: Data mapper process running ... 
2017-07-10 18:59:08,458 INFO pycrawler.core.access: Success http access to https://api.flickr.com/services/rest/
2017-07-10 18:59:08,460 INFO pycrawler.core.thread: Data getter process running ... 
2017-07-10 18:59:08,464 INFO pycrawler.core.thread: Data mapper process running ... 
2017-07-10 18:59:11,584 INFO pycrawler.core.access: Success http access to https://api.flickr.com/services/rest/
2017-07-10 18:59:11,586 INFO pycrawler.core.thread: Data getter process running ... 
2017-07-10 18:59:11,587 INFO pycrawler.core.thread: Data mapper process running ... 
2017-07-10 18:59:12,503 INFO pycrawler.core.access: Success http access to https://api.flickr.com/services/rest/
2017-07-10 18:59:12,505 INFO pycrawler.core.thread: Data getter process running ... 
2017-07-10 18:59:12,508 INFO pycrawler.core.thread: Data mapper process running ... 
2017-07-10 18:59:13,512 INFO pycrawler.core.access: Success http access to https://api.flickr.com/services/rest/
2017-07-10 18:59:13,515 INFO pycrawler.core.thread: Data getter process running ... 
2017-07-10 18:59:13,517 INFO pycrawler.core.thread: Data mapper process running ... 
2017-07-10 18:59:14,331 INFO pycrawler.core.access: Success http access to https://api.flickr.com/services/rest/
2017-07-10 18:59:14,333 INFO pycrawler.core.thread: Data getter process running ... 
2017-07-10 18:59:14,334 INFO pycrawler.core.thread: Data mapper process running ... 
2017-07-10 18:59:15,254 INFO pycrawler.core.access: Success http access to https://api.flickr.com/services/rest/
2017-07-10 18:59:15,256 INFO pycrawler.core.thread: Data getter process running ... 
2017-07-10 18:59:15,260 INFO pycrawler.core.thread: Data mapper process running ... 
2017-07-10 18:59:16,481 INFO pycrawler.core.access: Success http access to https://api.flickr.com/services/rest/
2017-07-10 18:59:16,485 INFO pycrawler.core.thread: Data getter process running ... 
2017-07-10 18:59:16,487 INFO pycrawler.core.thread: Data mapper process running ... 
2017-07-10 18:59:17,405 INFO pycrawler.core.access: Success http access to https://api.flickr.com/services/rest/
2017-07-10 18:59:17,408 INFO pycrawler.core.thread: Data getter process running ... 
2017-07-10 18:59:17,418 INFO pycrawler.core.thread: Data mapper process running ... 
2017-07-10 18:59:18,241 INFO pycrawler.core.access: Success http access to https://api.flickr.com/services/rest/
2017-07-10 18:59:18,246 INFO pycrawler.core.thread: Data getter process running ... 
2017-07-10 18:59:18,255 INFO pycrawler.core.thread: Data mapper process running ... 
2017-07-10 18:59:19,146 INFO pycrawler.core.access: Success http access to https://api.flickr.com/services/rest/
2017-07-10 18:59:19,148 INFO pycrawler.core.thread: Data getter process running ... 
2017-07-10 18:59:19,151 INFO pycrawler.core.thread: Data mapper process running ... 
2017-07-10 18:59:19,981 INFO pycrawler.core.access: Success http access to https://api.flickr.com/services/rest/
2017-07-10 18:59:19,983 INFO pycrawler.core.thread: Data getter process running ... 
2017-07-10 18:59:19,986 INFO pycrawler.core.thread: Data mapper process running ... 
2017-07-10 18:59:20,885 INFO pycrawler.core.access: Success http access to https://api.flickr.com/services/rest/
2017-07-10 18:59:20,887 INFO pycrawler.core.thread: Data getter process running ... 
2017-07-10 18:59:20,888 INFO pycrawler.core.thread: Data mapper process running ... 
2017-07-10 18:59:21,705 INFO pycrawler.core.access: Success http access to https://api.flickr.com/services/rest/
2017-07-10 18:59:21,707 INFO pycrawler.core.thread: Data getter process running ... 
2017-07-10 18:59:21,712 INFO pycrawler.core.thread: Data mapper process running ... 
2017-07-10 18:59:22,524 INFO pycrawler.core.access: Success http access to https://api.flickr.com/services/rest/
2017-07-10 18:59:22,526 INFO pycrawler.core.thread: Data getter process running ... 
2017-07-10 18:59:22,529 INFO pycrawler.core.thread: Data mapper process running ... 
2017-07-10 18:59:23,445 INFO pycrawler.core.access: Success http access to https://api.flickr.com/services/rest/
2017-07-10 18:59:23,448 INFO pycrawler.core.thread: Data getter process running ... 
2017-07-10 18:59:23,451 INFO pycrawler.core.thread: Data mapper process running ... 
2017-07-10 18:59:24,367 INFO pycrawler.core.access: Success http access to https://api.flickr.com/services/rest/
2017-07-10 18:59:24,369 INFO pycrawler.core.thread: Data getter process running ... 
2017-07-10 18:59:24,370 INFO pycrawler.core.thread: Data mapper process running ... 
2017-07-10 18:59:25,280 INFO pycrawler.core.access: Success http access to https://api.flickr.com/services/rest/
2017-07-10 18:59:25,282 INFO pycrawler.core.thread: Data getter process running ... 
2017-07-10 18:59:25,284 INFO pycrawler.core.thread: Data mapper process running ... 
2017-07-10 18:59:26,110 INFO pycrawler.core.access: Success http access to https://api.flickr.com/services/rest/
2017-07-10 18:59:26,114 INFO pycrawler.core.thread: Data getter process running ... 
2017-07-10 18:59:26,122 INFO pycrawler.core.thread: Data mapper process running ... 
2017-07-10 18:59:27,135 INFO pycrawler.core.access: Success http access to https://api.flickr.com/services/rest/
2017-07-10 18:59:27,139 INFO pycrawler.core.thread: Data getter process running ... 
2017-07-10 18:59:27,147 INFO pycrawler.core.thread: Data mapper process running ... 
2017-07-10 18:59:28,052 INFO pycrawler.core.access: Success http access to https://api.flickr.com/services/rest/
2017-07-10 18:59:28,055 INFO pycrawler.core.thread: Data getter process running ... 
2017-07-10 18:59:28,058 INFO pycrawler.core.thread: Data mapper process running ... 
2017-07-10 18:59:28,976 INFO pycrawler.core.access: Success http access to https://api.flickr.com/services/rest/
2017-07-10 18:59:28,978 INFO pycrawler.core.thread: Data getter process running ... 
2017-07-10 18:59:28,983 INFO pycrawler.core.thread: Data mapper process running ... 
2017-07-10 18:59:29,900 INFO pycrawler.core.access: Success http access to https://api.flickr.com/services/rest/
2017-07-10 18:59:29,902 INFO pycrawler.core.thread: Data getter process running ... 
2017-07-10 18:59:29,910 INFO pycrawler.core.thread: Data mapper process running ... 
2017-07-10 18:59:30,900 INFO pycrawler.core.access: Success http access to https://api.flickr.com/services/rest/
2017-07-10 18:59:30,904 INFO pycrawler.core.thread: Data getter process running ... 
2017-07-10 18:59:30,910 INFO pycrawler.core.thread: Data mapper process running ... 
2017-07-10 18:59:31,967 INFO pycrawler.core.access: Success http access to https://api.flickr.com/services/rest/
2017-07-10 18:59:31,969 INFO pycrawler.core.thread: Data getter process running ... 
2017-07-10 18:59:31,974 INFO pycrawler.core.thread: Data mapper process running ... 
2017-07-10 18:59:32,869 INFO pycrawler.core.access: Success http access to https://api.flickr.com/services/rest/
2017-07-10 18:59:32,873 INFO pycrawler.core.thread: Data getter process running ... 
2017-07-10 18:59:32,881 INFO pycrawler.core.thread: Data mapper process running ... 
2017-07-10 18:59:33,685 INFO pycrawler.core.access: Success http access to https://api.flickr.com/services/rest/
2017-07-10 18:59:33,687 INFO pycrawler.core.thread: Data getter process running ... 
2017-07-10 18:59:33,693 INFO pycrawler.core.thread: Data mapper process running ... 
2017-07-10 22:21:03,615 INFO pycrawler.interface: Crawling application start up ...
2017-07-10 22:21:03,616 INFO pycrawler.core.thread: Data getter process running ... 
2017-07-10 22:21:03,631 INFO pycrawler.core.thread: Data mapper process running ... 
2017-07-10 22:21:03,632 INFO pycrawler.core.manage: Crawling scheduler running ... 
2017-07-10 22:21:05,806 INFO pycrawler.core.access: Success http access to https://api.flickr.com/services/rest/
2017-07-10 22:21:06,828 INFO pycrawler.core.access: Success http access to https://api.flickr.com/services/rest/
2017-07-10 22:21:07,836 INFO pycrawler.core.access: Success http access to https://api.flickr.com/services/rest/
2017-07-10 22:21:08,883 INFO pycrawler.core.access: Success http access to https://api.flickr.com/services/rest/
2017-07-10 22:21:09,900 INFO pycrawler.core.access: Success http access to https://api.flickr.com/services/rest/
2017-07-10 22:21:12,000 INFO pycrawler.core.access: Success http access to https://api.flickr.com/services/rest/
2017-07-10 22:21:12,832 INFO pycrawler.core.access: Success http access to https://api.flickr.com/services/rest/
2017-07-10 22:21:13,999 INFO pycrawler.core.access: Success http access to https://api.flickr.com/services/rest/
2017-07-10 22:21:15,021 INFO pycrawler.core.access: Success http access to https://api.flickr.com/services/rest/
2017-07-10 22:21:16,579 INFO pycrawler.core.access: Success http access to https://api.flickr.com/services/rest/
2017-07-10 22:21:17,580 INFO pycrawler.core.access: Success http access to https://api.flickr.com/services/rest/
2017-07-10 23:01:46,184 INFO pycrawler.interface: Crawling application start up ...
2017-07-10 23:01:46,185 INFO pycrawler.core.manage: Crawling scheduler running ... 
2017-07-10 23:01:46,186 INFO pycrawler.core.thread: Data getter process running ... 
2017-07-10 23:01:46,201 INFO pycrawler.core.thread: Data mapper process running ... 
2017-07-10 23:01:46,202 INFO pycrawler.core.manage: Crawling condition is health. to continue crawling ... 
2017-07-10 23:01:48,994 INFO pycrawler.core.access: Success http access to https://api.flickr.com/services/rest/
2017-07-10 23:01:49,911 INFO pycrawler.core.access: Success http access to https://api.flickr.com/services/rest/
2017-07-10 23:01:51,050 INFO pycrawler.core.access: Success http access to https://api.flickr.com/services/rest/
2017-07-10 23:01:51,749 INFO pycrawler.core.access: Success http access to https://api.flickr.com/services/rest/
2017-07-10 23:01:52,591 INFO pycrawler.core.access: Success http access to https://api.flickr.com/services/rest/
2017-07-10 23:01:53,492 INFO pycrawler.core.access: Success http access to https://api.flickr.com/services/rest/
2017-07-10 23:01:54,663 INFO pycrawler.core.access: Success http access to https://api.flickr.com/services/rest/
2017-07-10 23:01:55,641 INFO pycrawler.core.access: Success http access to https://api.flickr.com/services/rest/
2017-07-10 23:01:56,666 INFO pycrawler.core.access: Success http access to https://api.flickr.com/services/rest/
2017-07-10 23:01:57,385 INFO pycrawler.core.access: Success http access to https://api.flickr.com/services/rest/
2017-07-10 23:01:58,199 INFO pycrawler.core.access: Success http access to https://api.flickr.com/services/rest/
2017-07-10 23:01:59,224 INFO pycrawler.core.access: Success http access to https://api.flickr.com/services/rest/
2017-07-10 23:02:00,146 INFO pycrawler.core.access: Success http access to https://api.flickr.com/services/rest/
2017-07-10 23:02:01,284 INFO pycrawler.core.access: Success http access to https://api.flickr.com/services/rest/
2017-07-10 23:02:02,705 INFO pycrawler.core.access: Success http access to https://api.flickr.com/services/rest/
2017-07-10 23:02:03,830 INFO pycrawler.core.access: Success http access to https://api.flickr.com/services/rest/
2017-07-10 23:02:04,878 INFO pycrawler.core.access: Success http access to https://api.flickr.com/services/rest/
2017-07-10 23:02:05,774 INFO pycrawler.core.access: Success http access to https://api.flickr.com/services/rest/
2017-07-10 23:02:06,902 INFO pycrawler.core.access: Success http access to https://api.flickr.com/services/rest/
2017-07-10 23:02:07,927 INFO pycrawler.core.access: Success http access to https://api.flickr.com/services/rest/
2017-07-10 23:02:12,023 INFO pycrawler.core.access: Success http access to https://api.flickr.com/services/rest/
2017-07-10 23:02:13,049 INFO pycrawler.core.access: Success http access to https://api.flickr.com/services/rest/
2017-07-10 23:02:14,066 INFO pycrawler.core.access: Success http access to https://api.flickr.com/services/rest/
2017-07-10 23:02:14,879 INFO pycrawler.core.access: Success http access to https://api.flickr.com/services/rest/
2017-07-10 23:02:15,575 INFO pycrawler.core.access: Success http access to https://api.flickr.com/services/rest/
2017-07-10 23:02:18,418 INFO pycrawler.core.access: Success http access to https://api.flickr.com/services/rest/
2017-07-10 23:02:19,704 INFO pycrawler.core.access: Success http access to https://api.flickr.com/services/rest/
2017-07-10 23:02:21,239 INFO pycrawler.core.access: Success http access to https://api.flickr.com/services/rest/
2017-07-10 23:02:22,258 INFO pycrawler.core.access: Success http access to https://api.flickr.com/services/rest/
2017-07-10 23:02:23,184 INFO pycrawler.core.access: Success http access to https://api.flickr.com/services/rest/
2017-07-10 23:36:22,226 INFO pycrawler.interface: Crawling application start up ...
2017-07-10 23:36:22,226 INFO pycrawler.core.manage: Crawling scheduler running ... 
2017-07-10 23:36:22,226 INFO pycrawler.core.thread: Data getter process running ... 
2017-07-10 23:36:22,238 INFO pycrawler.core.thread: Data mapper process running ... 
2017-07-10 23:36:22,238 INFO pycrawler.core.manage: Crawling condition is health. to continue crawling ... 
2017-07-10 23:36:24,428 INFO pycrawler.core.access: Success http access to https://api.flickr.com/services/rest/
2017-07-10 23:36:24,430 INFO pycrawler.core.thread: Data collecting to pass other thread. data id is e4432e1f-fb45-420f-8329-9e347d3bb133
2017-07-10 23:36:24,432 INFO pycrawler.core.thread: Data mapping to get other thread. data id is e4432e1f-fb45-420f-8329-9e347d3bb133
2017-07-10 23:36:25,254 INFO pycrawler.core.access: Success http access to https://api.flickr.com/services/rest/
2017-07-10 23:36:25,256 INFO pycrawler.core.thread: Data collecting to pass other thread. data id is eb979132-5242-42b8-a40e-60a26b3b95d6
2017-07-10 23:36:25,258 INFO pycrawler.core.thread: Data mapping to get other thread. data id is eb979132-5242-42b8-a40e-60a26b3b95d6
2017-07-10 23:36:28,068 INFO pycrawler.core.access: Success http access to https://api.flickr.com/services/rest/
2017-07-10 23:36:28,070 INFO pycrawler.core.thread: Data collecting to pass other thread. data id is 6fad19f0-1986-45f3-a258-94b6e162afd5
2017-07-10 23:36:28,072 INFO pycrawler.core.thread: Data mapping to get other thread. data id is 6fad19f0-1986-45f3-a258-94b6e162afd5
2017-07-10 23:36:29,057 INFO pycrawler.core.access: Success http access to https://api.flickr.com/services/rest/
2017-07-10 23:36:29,059 INFO pycrawler.core.thread: Data collecting to pass other thread. data id is 3fa83a69-1dc4-4fce-8bd4-79f30c33cd38
2017-07-10 23:36:29,061 INFO pycrawler.core.thread: Data mapping to get other thread. data id is 3fa83a69-1dc4-4fce-8bd4-79f30c33cd38
2017-07-10 23:36:29,867 INFO pycrawler.core.access: Success http access to https://api.flickr.com/services/rest/
2017-07-10 23:36:29,869 INFO pycrawler.core.thread: Data collecting to pass other thread. data id is 8b0b5ae5-319b-47c5-976f-730117fed72b
2017-07-10 23:36:29,871 INFO pycrawler.core.thread: Data mapping to get other thread. data id is 8b0b5ae5-319b-47c5-976f-730117fed72b
2017-07-10 23:36:31,086 INFO pycrawler.core.access: Success http access to https://api.flickr.com/services/rest/
2017-07-10 23:36:31,090 INFO pycrawler.core.thread: Data collecting to pass other thread. data id is 8f75182b-a2c7-4c66-ab41-fd9f98269f12
2017-07-10 23:36:31,091 INFO pycrawler.core.thread: Data mapping to get other thread. data id is 8f75182b-a2c7-4c66-ab41-fd9f98269f12
2017-07-10 23:36:31,890 INFO pycrawler.core.access: Success http access to https://api.flickr.com/services/rest/
2017-07-10 23:36:31,892 INFO pycrawler.core.thread: Data collecting to pass other thread. data id is 3efbabbd-5a57-462b-adea-bbec1e062605
2017-07-10 23:36:31,894 INFO pycrawler.core.thread: Data mapping to get other thread. data id is 3efbabbd-5a57-462b-adea-bbec1e062605
2017-07-10 23:36:33,130 INFO pycrawler.core.access: Success http access to https://api.flickr.com/services/rest/
2017-07-10 23:36:33,132 INFO pycrawler.core.thread: Data collecting to pass other thread. data id is bde7627e-0550-45b2-b3ca-95273db6832e
2017-07-10 23:36:33,134 INFO pycrawler.core.thread: Data mapping to get other thread. data id is bde7627e-0550-45b2-b3ca-95273db6832e
2017-07-10 23:36:34,069 INFO pycrawler.core.access: Success http access to https://api.flickr.com/services/rest/
2017-07-10 23:36:34,071 INFO pycrawler.core.thread: Data collecting to pass other thread. data id is c4f0269f-0c44-4c9e-8f59-82d50ac19fa3
2017-07-10 23:36:34,072 INFO pycrawler.core.thread: Data mapping to get other thread. data id is c4f0269f-0c44-4c9e-8f59-82d50ac19fa3
2017-07-10 23:36:35,186 INFO pycrawler.core.access: Success http access to https://api.flickr.com/services/rest/
2017-07-10 23:36:35,188 INFO pycrawler.core.thread: Data collecting to pass other thread. data id is 30d87c0f-6d9d-4e92-ad89-4030b8ff4735
2017-07-10 23:36:35,191 INFO pycrawler.core.thread: Data mapping to get other thread. data id is 30d87c0f-6d9d-4e92-ad89-4030b8ff4735
2017-07-10 23:36:36,262 INFO pycrawler.core.access: Success http access to https://api.flickr.com/services/rest/
2017-07-10 23:36:36,264 INFO pycrawler.core.thread: Data collecting to pass other thread. data id is d52c789a-ac78-4212-b09d-06715659f569
2017-07-10 23:36:36,265 INFO pycrawler.core.thread: Data mapping to get other thread. data id is d52c789a-ac78-4212-b09d-06715659f569
2017-07-10 23:36:37,223 INFO pycrawler.core.access: Success http access to https://api.flickr.com/services/rest/
2017-07-10 23:36:37,226 INFO pycrawler.core.thread: Data collecting to pass other thread. data id is e2e03535-79aa-4d10-9527-d37c722d0fb1
2017-07-10 23:36:37,229 INFO pycrawler.core.thread: Data mapping to get other thread. data id is e2e03535-79aa-4d10-9527-d37c722d0fb1
2017-07-10 23:36:38,274 INFO pycrawler.core.access: Success http access to https://api.flickr.com/services/rest/
2017-07-10 23:36:38,276 INFO pycrawler.core.thread: Data collecting to pass other thread. data id is 9e37c48b-5263-498b-8696-bfa15cf1f5be
2017-07-10 23:36:38,277 INFO pycrawler.core.thread: Data mapping to get other thread. data id is 9e37c48b-5263-498b-8696-bfa15cf1f5be
2017-07-10 23:36:39,277 INFO pycrawler.core.access: Success http access to https://api.flickr.com/services/rest/
2017-07-10 23:36:39,279 INFO pycrawler.core.thread: Data collecting to pass other thread. data id is 7ae97980-fdbe-4e6a-9539-81b131ff0fb9
2017-07-10 23:36:39,281 INFO pycrawler.core.thread: Data mapping to get other thread. data id is 7ae97980-fdbe-4e6a-9539-81b131ff0fb9
2017-07-10 23:36:40,088 INFO pycrawler.core.access: Success http access to https://api.flickr.com/services/rest/
2017-07-10 23:36:40,090 INFO pycrawler.core.thread: Data collecting to pass other thread. data id is eac0c58d-bb92-4d41-bc7c-9dfc7fed8eb7
2017-07-10 23:36:40,091 INFO pycrawler.core.thread: Data mapping to get other thread. data id is eac0c58d-bb92-4d41-bc7c-9dfc7fed8eb7
2017-07-11 00:03:23,761 INFO pycrawler.core.options: Success loading the authentication of flickr configure.
2017-07-11 00:03:25,144 INFO pycrawler.core.options: Success get to request token on this crawling application by https://www.flickr.com/services/oauth/request_token
2017-07-11 00:03:39,100 INFO pycrawler.core.options: Success get to access token on this crawling application by https://www.flickr.com/services/oauth/access_token
2017-07-11 00:03:40,347 INFO pycrawler.core.access: Success http access to https://api.flickr.com/services/rest/
2017-07-11 00:03:40,360 WARNING pycrawler.interface: Application configure is create defaulted. please, setting configure, and restart application
2017-07-11 00:06:56,768 INFO pycrawler.core.options: Success loading the authentication of flickr configure.
2017-07-11 00:06:57,537 INFO pycrawler.core.options: Success get to request token on this crawling application by https://www.flickr.com/services/oauth/request_token
2017-07-11 00:07:07,572 INFO pycrawler.core.options: Success get to access token on this crawling application by https://www.flickr.com/services/oauth/access_token
2017-07-11 00:07:10,547 INFO pycrawler.core.access: Success http access to https://api.flickr.com/services/rest/
2017-07-11 00:07:10,558 WARNING pycrawler.interface: Application configure is create defaulted. please, setting configure, and restart application
2017-07-11 00:11:28,557 INFO pycrawler.core.options: Success loading the authentication of flickr configure.
2017-07-11 00:11:29,538 INFO pycrawler.core.options: Success get to request token on this crawling application by https://www.flickr.com/services/oauth/request_token
2017-07-11 00:11:41,086 INFO pycrawler.core.options: Success get to access token on this crawling application by https://www.flickr.com/services/oauth/access_token
2017-07-11 00:11:42,651 INFO pycrawler.core.access: Success http access to https://api.flickr.com/services/rest/
2017-07-11 00:11:42,661 WARNING pycrawler.interface: Application configure is create defaulted. please, setting configure, and restart application
2017-07-11 00:12:26,589 INFO pycrawler.core.options: Success loading the authentication of flickr configure.
2017-07-11 00:12:30,236 INFO pycrawler.core.options: Success get to request token on this crawling application by https://www.flickr.com/services/oauth/request_token
2017-07-11 00:12:41,628 INFO pycrawler.core.options: Success get to access token on this crawling application by https://www.flickr.com/services/oauth/access_token
2017-07-11 00:12:43,038 INFO pycrawler.core.access: Success http access to https://api.flickr.com/services/rest/
2017-07-11 00:12:43,050 WARNING pycrawler.interface: Application configure is create defaulted. please, setting configure, and restart application
2017-07-11 00:50:41,628 INFO pycrawler.interface: Crawling application start up ...
2017-07-11 00:50:41,629 INFO pycrawler.core.manage: Crawling scheduler running ... 
2017-07-11 00:50:41,629 INFO pycrawler.core.thread: Data getter process running ... 
2017-07-11 00:50:41,638 INFO pycrawler.core.thread: Data mapper process running ... 
2017-07-11 00:50:41,638 INFO pycrawler.core.manage: Crawling condition is health. to continue crawling ... 
2017-07-11 00:50:43,548 INFO pycrawler.core.access: Success http access to https://api.flickr.com/services/rest/
2017-07-11 00:50:43,550 INFO pycrawler.core.thread: Data collecting to pass other thread. data id is c60e9ad8-b8bd-4fa1-9f89-7a04809e23da
2017-07-11 00:50:44,570 INFO pycrawler.core.access: Success http access to https://api.flickr.com/services/rest/
2017-07-11 00:50:44,573 INFO pycrawler.core.thread: Data collecting to pass other thread. data id is cc85fe8e-9eed-42de-b822-bcf43a84e9ca
2017-07-11 00:50:45,602 INFO pycrawler.core.access: Success http access to https://api.flickr.com/services/rest/
2017-07-11 00:50:45,604 INFO pycrawler.core.thread: Data collecting to pass other thread. data id is 656f67c1-f85d-4dc8-a80b-83400a6a27a5
2017-07-11 00:50:46,641 INFO pycrawler.core.access: Success http access to https://api.flickr.com/services/rest/
2017-07-11 00:50:46,644 INFO pycrawler.core.thread: Data collecting to pass other thread. data id is 4b9677d6-fc5d-401b-9cbe-f968378103b3
2017-07-11 00:50:47,646 INFO pycrawler.core.access: Success http access to https://api.flickr.com/services/rest/
2017-07-11 00:50:47,648 INFO pycrawler.core.thread: Data collecting to pass other thread. data id is 64747577-ffc7-4535-a170-59dd74624847
2017-07-11 00:50:48,668 INFO pycrawler.core.access: Success http access to https://api.flickr.com/services/rest/
2017-07-11 00:50:48,671 INFO pycrawler.core.thread: Data collecting to pass other thread. data id is d3b9dc59-e690-4133-a11f-c7f72dcb61a1
2017-07-11 00:50:49,694 INFO pycrawler.core.access: Success http access to https://api.flickr.com/services/rest/
2017-07-11 00:50:49,696 INFO pycrawler.core.thread: Data collecting to pass other thread. data id is e2a3ae8f-8e0d-4d0a-9dd2-34768ef60a61
2017-07-11 00:50:50,724 INFO pycrawler.core.access: Success http access to https://api.flickr.com/services/rest/
2017-07-11 00:50:50,726 INFO pycrawler.core.thread: Data collecting to pass other thread. data id is e4e75140-7d37-46e2-b96e-ab006b0a8770
2017-07-11 00:50:51,553 INFO pycrawler.core.access: Success http access to https://api.flickr.com/services/rest/
2017-07-11 00:50:51,556 INFO pycrawler.core.thread: Data collecting to pass other thread. data id is b6e1141b-e5fc-4022-809d-8f0e83a45c71
2017-07-11 00:50:52,526 INFO pycrawler.core.access: Success http access to https://api.flickr.com/services/rest/
2017-07-11 00:50:52,528 INFO pycrawler.core.thread: Data collecting to pass other thread. data id is a3fd004f-8201-42d4-80a8-f9b137443c40
2017-07-11 00:50:53,791 INFO pycrawler.core.access: Success http access to https://api.flickr.com/services/rest/
2017-07-11 00:50:53,793 INFO pycrawler.core.thread: Data collecting to pass other thread. data id is b360043d-6584-46a0-88ce-384e4b555ffc
2017-07-11 00:50:54,728 INFO pycrawler.core.access: Success http access to https://api.flickr.com/services/rest/
2017-07-11 00:50:54,730 INFO pycrawler.core.thread: Data collecting to pass other thread. data id is 68ed93a1-204e-4bbb-87cd-6ba7f8c3390f
2017-07-11 00:50:55,630 INFO pycrawler.core.access: Success http access to https://api.flickr.com/services/rest/
2017-07-11 00:50:55,632 INFO pycrawler.core.thread: Data collecting to pass other thread. data id is 3a3b2ad9-aca2-49bf-91c9-2cbf45748851
2017-07-11 00:50:56,446 INFO pycrawler.core.access: Success http access to https://api.flickr.com/services/rest/
2017-07-11 00:50:56,448 INFO pycrawler.core.thread: Data collecting to pass other thread. data id is 7b1b6831-4466-45bd-b2ee-c709f49236e9
2017-07-11 00:50:57,372 INFO pycrawler.core.access: Success http access to https://api.flickr.com/services/rest/
2017-07-11 00:50:57,374 INFO pycrawler.core.thread: Data collecting to pass other thread. data id is 535ccbcb-4e5d-4bf5-ac71-d57984fab350
2017-07-11 00:50:58,396 INFO pycrawler.core.access: Success http access to https://api.flickr.com/services/rest/
2017-07-11 00:50:58,398 INFO pycrawler.core.thread: Data collecting to pass other thread. data id is ea6b8804-6ed4-4dc0-a196-6aaed5e34cb1
2017-07-11 00:50:59,420 INFO pycrawler.core.access: Success http access to https://api.flickr.com/services/rest/
2017-07-11 00:50:59,422 INFO pycrawler.core.thread: Data collecting to pass other thread. data id is a76abdfc-a1c4-476e-b167-b2f638d91cc9
2017-07-11 00:51:00,442 INFO pycrawler.core.access: Success http access to https://api.flickr.com/services/rest/
2017-07-11 00:51:00,444 INFO pycrawler.core.thread: Data collecting to pass other thread. data id is fc804eee-e819-4a1e-a04a-8b48b92079cd
2017-07-11 00:51:01,467 INFO pycrawler.core.access: Success http access to https://api.flickr.com/services/rest/
2017-07-11 00:51:01,469 INFO pycrawler.core.thread: Data collecting to pass other thread. data id is 51a87600-2f27-452a-b07b-1d471f391fdc
2017-07-11 00:51:02,510 INFO pycrawler.core.access: Success http access to https://api.flickr.com/services/rest/
2017-07-11 00:51:02,514 INFO pycrawler.core.thread: Data collecting to pass other thread. data id is 82916c40-9bf1-437f-b94e-d28d8f07ecd2
2017-07-11 00:51:03,515 INFO pycrawler.core.access: Success http access to https://api.flickr.com/services/rest/
2017-07-11 00:51:03,517 INFO pycrawler.core.thread: Data collecting to pass other thread. data id is 93b0fe92-9cd0-4a23-9b60-8c1efc89e84e
2017-07-11 00:51:04,538 INFO pycrawler.core.access: Success http access to https://api.flickr.com/services/rest/
2017-07-11 00:51:04,540 INFO pycrawler.core.thread: Data collecting to pass other thread. data id is 703bd877-82d7-438e-8673-61d6a6e45c49
2017-07-11 00:52:06,717 INFO pycrawler.interface: Crawling application start up ...
2017-07-11 00:52:06,717 INFO pycrawler.core.manage: Crawling scheduler running ... 
2017-07-11 00:52:06,718 INFO pycrawler.core.thread: Data getter process running ... 
2017-07-11 00:52:06,718 INFO pycrawler.core.thread: Data mapper process running ... 
2017-07-11 00:52:06,718 INFO pycrawler.core.manage: Crawling condition is health. to continue crawling ... 
2017-07-11 00:52:08,538 INFO pycrawler.core.access: Success http access to https://api.flickr.com/services/rest/
2017-07-11 00:52:08,540 INFO pycrawler.core.thread: Data collecting to pass other thread. data id is 234a7017-06bb-40ca-ba8c-08d3fa6a951e
2017-07-11 00:52:08,542 INFO pycrawler.core.thread: Data mapping to get other thread. data id is 234a7017-06bb-40ca-ba8c-08d3fa6a951e
2017-07-11 00:52:09,563 INFO pycrawler.core.access: Success http access to https://api.flickr.com/services/rest/
2017-07-11 00:52:09,565 INFO pycrawler.core.thread: Data collecting to pass other thread. data id is ba51ed9a-89cd-4b38-9a82-e86a4db47bf8
2017-07-11 00:52:12,292 INFO pycrawler.core.access: Success http access to https://api.flickr.com/services/rest/
2017-07-11 00:52:12,295 INFO pycrawler.core.thread: Data collecting to pass other thread. data id is 83116587-a6bd-4f02-be5c-2bb84424b335
2017-07-11 00:52:13,662 INFO pycrawler.core.access: Success http access to https://api.flickr.com/services/rest/
2017-07-11 00:52:13,664 INFO pycrawler.core.thread: Data collecting to pass other thread. data id is ef4d0fa7-e166-47b6-b8d6-96fa3d10f543
2017-07-11 00:52:14,683 INFO pycrawler.core.access: Success http access to https://api.flickr.com/services/rest/
2017-07-11 00:52:14,685 INFO pycrawler.core.thread: Data collecting to pass other thread. data id is 407ef397-7346-4236-95e2-4df86cfa13a5
